<?xml version="1.0" encoding="utf-8" standalone="no"?>
<test-results xmlns:xsi="http://www.w3.org/2001/XMLSchema-instance" xsi:noNamespaceSchemaLocation="nunit_schema_2.5.xsd" name="Pester" total="11" errors="0" failures="0" not-run="56" inconclusive="0" ignored="0" skipped="0" invalid="0" date="2025-08-17" time="10:25:04">
  <environment os-version="10.0.26100" nunit-version="2.5.8.0" user-domain="Desktop" user="Work" cwd="F:\LabSources\CustomRoles" platform="Microsoft Windows 11 Pro|C:\WINDOWS|\Device\Harddisk2\Partition3" machine-name="DESKTOP" clr-version="9.0.6" />
  <culture-info current-culture="en-US" current-uiculture="en-US" />
  <test-suite type="TestFixture" name="Pester" executed="True" result="Success" success="True" time="1.8752" asserts="0" description="Pester">
    <results>
      <test-suite type="TestFixture" name="C:\Users\Work\Documents\PowerShell\Modules\AutomatedLabTest\5.58.0\tests\00General.tests.ps1" executed="True" result="Success" success="True" time="0.0812" asserts="0" description="C:\Users\Work\Documents\PowerShell\Modules\AutomatedLabTest\5.58.0\tests\00General.tests.ps1">
        <results>
          <test-suite type="TestFixture" name="[SSOP] General" executed="True" result="Success" success="True" time="0.0495" asserts="0" description="[SSOP] General">
            <results>
              <test-suite type="TestFixture" name="[SSOP] General.Lab deployment successful" executed="True" result="Success" success="True" time="0.0472" asserts="0" description="[SSOP] General.Lab deployment successful">
                <results>
                  <test-suite type="ParameterizedTest" name="[SSOP] General.Lab deployment successful.[&lt;LabName&gt;] Should return the correct amount of machines" executed="True" result="Success" success="True" time="0.0445" asserts="0" description="[&lt;LabName&gt;] Should return the correct amount of machines">
                    <results>
                      <test-case description="[SSOP] Should return the correct amount of machines" name="[SSOP] General.Lab deployment successful.[SSOP] Should return the correct amount of machines" time="0.0445" asserts="0" success="True" result="Success" executed="True" />
                    </results>
                  </test-suite>
                </results>
              </test-suite>
            </results>
          </test-suite>
        </results>
      </test-suite>
      <test-suite type="TestFixture" name="C:\Users\Work\Documents\PowerShell\Modules\AutomatedLabTest\5.58.0\tests\CaRoot.tests.ps1" executed="True" result="Success" success="True" time="0.3625" asserts="0" description="C:\Users\Work\Documents\PowerShell\Modules\AutomatedLabTest\5.58.0\tests\CaRoot.tests.ps1">
        <results>
          <test-suite type="TestFixture" name="[SSOP] CaRoot" executed="True" result="Success" success="True" time="0.3305" asserts="0" description="[SSOP] CaRoot">
            <results>
              <test-suite type="TestFixture" name="[SSOP] CaRoot.Role deployment successful" executed="True" result="Success" success="True" time="0.3284" asserts="0" description="[SSOP] CaRoot.Role deployment successful">
                <results>
                  <test-case description="[CaRoot] Should return the correct amount of machines" name="[SSOP] CaRoot.Role deployment successful.[CaRoot] Should return the correct amount of machines" time="0.0037" asserts="0" success="True" result="Success" executed="True" />
                  <test-suite type="ParameterizedTest" name="[SSOP] CaRoot.Role deployment successful.[ssop-dc01] Should be discoverable" executed="True" result="Success" success="True" time="0.1759" asserts="0" description="[ssop-dc01] Should be discoverable">
                    <results>
                      <test-case description="[ssop-dc01] Should be discoverable" name="[SSOP] CaRoot.Role deployment successful.[ssop-dc01] Should be discoverable(ssop-dc01)" time="0.1759" asserts="0" success="True" result="Success" executed="True" />
                    </results>
                  </test-suite>
                  <test-suite type="ParameterizedTest" name="[SSOP] CaRoot.Role deployment successful.[ssop-dc01] should have CertSvc running" executed="True" result="Success" success="True" time="0.1464" asserts="0" description="[ssop-dc01] should have CertSvc running">
                    <results>
                      <test-case description="[ssop-dc01] should have CertSvc running" name="[SSOP] CaRoot.Role deployment successful.[ssop-dc01] should have CertSvc running(ssop-dc01)" time="0.1464" asserts="0" success="True" result="Success" executed="True" />
                    </results>
                  </test-suite>
                </results>
              </test-suite>
            </results>
          </test-suite>
        </results>
      </test-suite>
      <test-suite type="TestFixture" name="C:\Users\Work\Documents\PowerShell\Modules\AutomatedLabTest\5.58.0\tests\RootDC.tests.ps1" executed="True" result="Success" success="True" time="0.5629" asserts="0" description="C:\Users\Work\Documents\PowerShell\Modules\AutomatedLabTest\5.58.0\tests\RootDC.tests.ps1">
        <results>
          <test-suite type="TestFixture" name="[SSOP] DC Generic" executed="True" result="Success" success="True" time="0.2751" asserts="0" description="[SSOP] DC Generic">
            <results>
              <test-suite type="TestFixture" name="[SSOP] DC Generic.Role deployment successful" executed="True" result="Success" success="True" time="0.273" asserts="0" description="[SSOP] DC Generic.Role deployment successful">
                <results>
                  <test-case description="[RootDC] Should return the correct amount of machines" name="[SSOP] DC Generic.Role deployment successful.[RootDC] Should return the correct amount of machines" time="0.0038" asserts="0" success="True" result="Success" executed="True" />
                  <test-suite type="ParameterizedTest" name="[SSOP] DC Generic.Role deployment successful.ssop-dc01 should have ADWS running" executed="True" result="Success" success="True" time="0.1221" asserts="0" description="ssop-dc01 should have ADWS running">
                    <results>
                      <test-case description="ssop-dc01 should have ADWS running" name="[SSOP] DC Generic.Role deployment successful.ssop-dc01 should have ADWS running(ssop-dc01)" time="0.1221" asserts="0" success="True" result="Success" executed="True" />
                    </results>
                  </test-suite>
                  <test-suite type="ParameterizedTest" name="[SSOP] DC Generic.Role deployment successful.ssop-dc01 should respond to ADWS calls" executed="True" result="Success" success="True" time="0.1446" asserts="0" description="ssop-dc01 should respond to ADWS calls">
                    <results>
                      <test-case description="ssop-dc01 should respond to ADWS calls" name="[SSOP] DC Generic.Role deployment successful.ssop-dc01 should respond to ADWS calls(ssop-dc01)" time="0.1446" asserts="0" success="True" result="Success" executed="True" />
                    </results>
                  </test-suite>
                </results>
              </test-suite>
            </results>
          </test-suite>
          <test-suite type="TestFixture" name="[SSOP] RootDC specific" executed="True" result="Success" success="True" time="0.5238" asserts="0" description="[SSOP] RootDC specific">
            <results>
              <test-suite type="ParameterizedTest" name="[SSOP] RootDC specific.ssop-dc01 should hold PDC emulator FSMO role" executed="True" result="Success" success="True" time="0.2459" asserts="0" description="ssop-dc01 should hold PDC emulator FSMO role">
                <results>
                  <test-case description="ssop-dc01 should hold PDC emulator FSMO role" name="[SSOP] RootDC specific.ssop-dc01 should hold PDC emulator FSMO role(ssop-dc01)" time="0.2459" asserts="0" success="True" result="Success" executed="True" />
                </results>
              </test-suite>
            </results>
          </test-suite>
        </results>
      </test-suite>
      <test-suite type="TestFixture" name="C:\Users\Work\Documents\PowerShell\Modules\AutomatedLabTest\5.58.0\tests\SQLServer2022.tests.ps1" executed="True" result="Success" success="True" time="0.3137" asserts="0" description="C:\Users\Work\Documents\PowerShell\Modules\AutomatedLabTest\5.58.0\tests\SQLServer2022.tests.ps1">
        <results>
          <test-suite type="TestFixture" name="[SSOP] SQLServer2022" executed="True" result="Success" success="True" time="0.2812" asserts="0" description="[SSOP] SQLServer2022">
            <results>
              <test-suite type="TestFixture" name="[SSOP] SQLServer2022.Role deployment successful" executed="True" result="Success" success="True" time="0.2791" asserts="0" description="[SSOP] SQLServer2022.Role deployment successful">
                <results>
                  <test-case description="[SQLServer2022] Should return the correct amount of machines" name="[SSOP] SQLServer2022.Role deployment successful.[SQLServer2022] Should return the correct amount of machines" time="0.0041" asserts="0" success="True" result="Success" executed="True" />
                  <test-suite type="ParameterizedTest" name="[SSOP] SQLServer2022.Role deployment successful.[ssop-sql01] Instance(s) should be running" executed="True" result="Success" success="True" time="0.1261" asserts="0" description="[ssop-sql01] Instance(s) should be running">
                    <results>
                      <test-case description="[ssop-sql01] Instance(s) should be running" name="[SSOP] SQLServer2022.Role deployment successful.[ssop-sql01] Instance(s) should be running(ssop-sql01)" time="0.1261" asserts="0" success="True" result="Success" executed="True" />
                    </results>
                  </test-suite>
                  <test-suite type="ParameterizedTest" name="[SSOP] SQLServer2022.Role deployment successful.[ssop-sql01] Should have SQL Server 2022 installed" executed="True" result="Success" success="True" time="0.1464" asserts="0" description="[ssop-sql01] Should have SQL Server 2022 installed">
                    <results>
                      <test-case description="[ssop-sql01] Should have SQL Server 2022 installed" name="[SSOP] SQLServer2022.Role deployment successful.[ssop-sql01] Should have SQL Server 2022 installed(ssop-sql01)" time="0.1464" asserts="0" success="True" result="Success" executed="True" />
                    </results>
                  </test-suite>
                </results>
              </test-suite>
            </results>
          </test-suite>
        </results>
      </test-suite>
    </results>
  </test-suite>
</test-results>