<?xml version="1.0" encoding="utf-8" standalone="no"?>
<test-results xmlns:xsi="http://www.w3.org/2001/XMLSchema-instance" xsi:noNamespaceSchemaLocation="nunit_schema_2.5.xsd" name="Pester" total="18" errors="0" failures="0" not-run="56" inconclusive="0" ignored="0" skipped="0" invalid="0" date="2025-08-17" time="14:52:47">
  <environment user-domain="Desktop" clr-version="9.0.6" machine-name="DESKTOP" user="Work" nunit-version="2.5.8.0" platform="Microsoft Windows 11 Pro|C:\WINDOWS|\Device\Harddisk2\Partition3" cwd="F:\LabSources\CustomRoles\Delinea_SSOP_RMQ" os-version="10.0.26100" />
  <culture-info current-culture="en-US" current-uiculture="en-US" />
  <test-suite type="TestFixture" name="Pester" executed="True" result="Success" success="True" time="16.0892" asserts="0" description="Pester">
    <results>
      <test-suite type="TestFixture" name="C:\Users\Work\Documents\PowerShell\Modules\AutomatedLabTest\5.58.0\tests\00General.tests.ps1" executed="True" result="Success" success="True" time="0.4581" asserts="0" description="C:\Users\Work\Documents\PowerShell\Modules\AutomatedLabTest\5.58.0\tests\00General.tests.ps1">
        <results>
          <test-suite type="TestFixture" name="[SSOP] General" executed="True" result="Success" success="True" time="0.3759" asserts="0" description="[SSOP] General">
            <results>
              <test-suite type="TestFixture" name="[SSOP] General.Lab deployment successful" executed="True" result="Success" success="True" time="0.3734" asserts="0" description="[SSOP] General.Lab deployment successful">
                <results>
                  <test-suite type="ParameterizedTest" name="[SSOP] General.Lab deployment successful.[&lt;LabName&gt;] Should return the correct amount of machines" executed="True" result="Success" success="True" time="0.3695" asserts="0" description="[&lt;LabName&gt;] Should return the correct amount of machines">
                    <results>
                      <test-case description="[SSOP] Should return the correct amount of machines" name="[SSOP] General.Lab deployment successful.[SSOP] Should return the correct amount of machines" time="0.3695" asserts="0" success="True" result="Success" executed="True" />
                    </results>
                  </test-suite>
                </results>
              </test-suite>
            </results>
          </test-suite>
        </results>
      </test-suite>
      <test-suite type="TestFixture" name="C:\Users\Work\Documents\PowerShell\Modules\AutomatedLabTest\5.58.0\tests\CaRoot.tests.ps1" executed="True" result="Success" success="True" time="3.1053" asserts="0" description="C:\Users\Work\Documents\PowerShell\Modules\AutomatedLabTest\5.58.0\tests\CaRoot.tests.ps1">
        <results>
          <test-suite type="TestFixture" name="[SSOP] CaRoot" executed="True" result="Success" success="True" time="3.0705" asserts="0" description="[SSOP] CaRoot">
            <results>
              <test-suite type="TestFixture" name="[SSOP] CaRoot.Role deployment successful" executed="True" result="Success" success="True" time="3.0682" asserts="0" description="[SSOP] CaRoot.Role deployment successful">
                <results>
                  <test-case description="[CaRoot] Should return the correct amount of machines" name="[SSOP] CaRoot.Role deployment successful.[CaRoot] Should return the correct amount of machines" time="0.007" asserts="0" success="True" result="Success" executed="True" />
                  <test-suite type="ParameterizedTest" name="[SSOP] CaRoot.Role deployment successful.[ssop-dc01] Should be discoverable" executed="True" result="Success" success="True" time="0.6244" asserts="0" description="[ssop-dc01] Should be discoverable">
                    <results>
                      <test-case description="[ssop-dc01] Should be discoverable" name="[SSOP] CaRoot.Role deployment successful.[ssop-dc01] Should be discoverable(ssop-dc01)" time="0.6244" asserts="0" success="True" result="Success" executed="True" />
                    </results>
                  </test-suite>
                  <test-suite type="ParameterizedTest" name="[SSOP] CaRoot.Role deployment successful.[ssop-dc01] should have CertSvc running" executed="True" result="Success" success="True" time="2.4342" asserts="0" description="[ssop-dc01] should have CertSvc running">
                    <results>
                      <test-case description="[ssop-dc01] should have CertSvc running" name="[SSOP] CaRoot.Role deployment successful.[ssop-dc01] should have CertSvc running(ssop-dc01)" time="2.4342" asserts="0" success="True" result="Success" executed="True" />
                    </results>
                  </test-suite>
                </results>
              </test-suite>
            </results>
          </test-suite>
        </results>
      </test-suite>
      <test-suite type="TestFixture" name="C:\Users\Work\Documents\PowerShell\Modules\AutomatedLabTest\5.58.0\tests\Delinea_SSOP_RMQ.tests.ps1" executed="True" result="Success" success="True" time="7.6543" asserts="0" description="C:\Users\Work\Documents\PowerShell\Modules\AutomatedLabTest\5.58.0\tests\Delinea_SSOP_RMQ.tests.ps1">
        <results>
          <test-suite type="TestFixture" name="[SSOP] Delinea_SSOP_RMQ" executed="True" result="Success" success="True" time="7.5713" asserts="0" description="[SSOP] Delinea_SSOP_RMQ">
            <results>
              <test-suite type="TestFixture" name="[SSOP] Delinea_SSOP_RMQ.Role deployment successful" executed="True" result="Success" success="True" time="0.0234" asserts="0" description="[SSOP] Delinea_SSOP_RMQ.Role deployment successful">
                <results>
                  <test-case description="[Delinea_SSOP_RMQ] Should return the correct amount of machines" name="[SSOP] Delinea_SSOP_RMQ.Role deployment successful.[Delinea_SSOP_RMQ] Should return the correct amount of machines" time="0.0205" asserts="0" success="True" result="Success" executed="True" />
                </results>
              </test-suite>
              <test-suite type="TestFixture" name="[SSOP] Delinea_SSOP_RMQ.Delinea RabbitMQ Helper Installed" executed="True" result="Success" success="True" time="7.5634" asserts="0" description="[SSOP] Delinea_SSOP_RMQ.Delinea RabbitMQ Helper Installed">
                <results>
                  <test-suite type="ParameterizedTest" name="[SSOP] Delinea_SSOP_RMQ.Delinea RabbitMQ Helper Installed.[ssop-rmq01] Should have RabbitMQ installed and running" executed="True" result="Success" success="True" time="0.3603" asserts="0" description="[ssop-rmq01] Should have RabbitMQ installed and running">
                    <results>
                      <test-case description="[ssop-rmq01] Should have RabbitMQ installed and running" name="[SSOP] Delinea_SSOP_RMQ.Delinea RabbitMQ Helper Installed.[ssop-rmq01] Should have RabbitMQ installed and running(ssop-rmq01)" time="0.1366" asserts="0" success="True" result="Success" executed="True" />
                      <test-case description="[ssop-rmq02] Should have RabbitMQ installed and running" name="[SSOP] Delinea_SSOP_RMQ.Delinea RabbitMQ Helper Installed.[ssop-rmq02] Should have RabbitMQ installed and running" time="0.1204" asserts="0" success="True" result="Success" executed="True" />
                      <test-case description="[ssop-rmq03] Should have RabbitMQ installed and running" name="[SSOP] Delinea_SSOP_RMQ.Delinea RabbitMQ Helper Installed.[ssop-rmq03] Should have RabbitMQ installed and running" time="0.1032" asserts="0" success="True" result="Success" executed="True" />
                    </results>
                  </test-suite>
                  <test-suite type="ParameterizedTest" name="[SSOP] Delinea_SSOP_RMQ.Delinea RabbitMQ Helper Installed.[ssop-rmq01] Should have Delinea RabbitMQ Helper installed" executed="True" result="Success" success="True" time="7.1766" asserts="0" description="[ssop-rmq01] Should have Delinea RabbitMQ Helper installed">
                    <results>
                      <test-case description="[ssop-rmq01] Should have Delinea RabbitMQ Helper installed" name="[SSOP] Delinea_SSOP_RMQ.Delinea RabbitMQ Helper Installed.[ssop-rmq01] Should have Delinea RabbitMQ Helper installed(ssop-rmq01)" time="2.5535" asserts="0" success="True" result="Success" executed="True" />
                      <test-case description="[ssop-rmq02] Should have Delinea RabbitMQ Helper installed" name="[SSOP] Delinea_SSOP_RMQ.Delinea RabbitMQ Helper Installed.[ssop-rmq02] Should have Delinea RabbitMQ Helper installed" time="2.3553" asserts="0" success="True" result="Success" executed="True" />
                      <test-case description="[ssop-rmq03] Should have Delinea RabbitMQ Helper installed" name="[SSOP] Delinea_SSOP_RMQ.Delinea RabbitMQ Helper Installed.[ssop-rmq03] Should have Delinea RabbitMQ Helper installed" time="2.2678" asserts="0" success="True" result="Success" executed="True" />
                    </results>
                  </test-suite>
                </results>
              </test-suite>
            </results>
          </test-suite>
        </results>
      </test-suite>
      <test-suite type="TestFixture" name="C:\Users\Work\Documents\PowerShell\Modules\AutomatedLabTest\5.58.0\tests\RootDC.tests.ps1" executed="True" result="Success" success="True" time="1.5423" asserts="0" description="C:\Users\Work\Documents\PowerShell\Modules\AutomatedLabTest\5.58.0\tests\RootDC.tests.ps1">
        <results>
          <test-suite type="TestFixture" name="[SSOP] DC Generic" executed="True" result="Success" success="True" time="1.1605" asserts="0" description="[SSOP] DC Generic">
            <results>
              <test-suite type="TestFixture" name="[SSOP] DC Generic.Role deployment successful" executed="True" result="Success" success="True" time="1.1575" asserts="0" description="[SSOP] DC Generic.Role deployment successful">
                <results>
                  <test-case description="[RootDC] Should return the correct amount of machines" name="[SSOP] DC Generic.Role deployment successful.[RootDC] Should return the correct amount of machines" time="0.0063" asserts="0" success="True" result="Success" executed="True" />
                  <test-suite type="ParameterizedTest" name="[SSOP] DC Generic.Role deployment successful.ssop-dc01 should have ADWS running" executed="True" result="Success" success="True" time="0.1589" asserts="0" description="ssop-dc01 should have ADWS running">
                    <results>
                      <test-case description="ssop-dc01 should have ADWS running" name="[SSOP] DC Generic.Role deployment successful.ssop-dc01 should have ADWS running(ssop-dc01)" time="0.1589" asserts="0" success="True" result="Success" executed="True" />
                    </results>
                  </test-suite>
                  <test-suite type="ParameterizedTest" name="[SSOP] DC Generic.Role deployment successful.ssop-dc01 should respond to ADWS calls" executed="True" result="Success" success="True" time="0.9896" asserts="0" description="ssop-dc01 should respond to ADWS calls">
                    <results>
                      <test-case description="ssop-dc01 should respond to ADWS calls" name="[SSOP] DC Generic.Role deployment successful.ssop-dc01 should respond to ADWS calls(ssop-dc01)" time="0.9896" asserts="0" success="True" result="Success" executed="True" />
                    </results>
                  </test-suite>
                </results>
              </test-suite>
            </results>
          </test-suite>
          <test-suite type="TestFixture" name="[SSOP] RootDC specific" executed="True" result="Success" success="True" time="1.4938" asserts="0" description="[SSOP] RootDC specific">
            <results>
              <test-suite type="ParameterizedTest" name="[SSOP] RootDC specific.ssop-dc01 should hold PDC emulator FSMO role" executed="True" result="Success" success="True" time="0.3302" asserts="0" description="ssop-dc01 should hold PDC emulator FSMO role">
                <results>
                  <test-case description="ssop-dc01 should hold PDC emulator FSMO role" name="[SSOP] RootDC specific.ssop-dc01 should hold PDC emulator FSMO role(ssop-dc01)" time="0.3302" asserts="0" success="True" result="Success" executed="True" />
                </results>
              </test-suite>
            </results>
          </test-suite>
        </results>
      </test-suite>
      <test-suite type="TestFixture" name="C:\Users\Work\Documents\PowerShell\Modules\AutomatedLabTest\5.58.0\tests\SQLServer2022.tests.ps1" executed="True" result="Success" success="True" time="2.6214" asserts="0" description="C:\Users\Work\Documents\PowerShell\Modules\AutomatedLabTest\5.58.0\tests\SQLServer2022.tests.ps1">
        <results>
          <test-suite type="TestFixture" name="[SSOP] SQLServer2022" executed="True" result="Success" success="True" time="2.584" asserts="0" description="[SSOP] SQLServer2022">
            <results>
              <test-suite type="TestFixture" name="[SSOP] SQLServer2022.Role deployment successful" executed="True" result="Success" success="True" time="2.5816" asserts="0" description="[SSOP] SQLServer2022.Role deployment successful">
                <results>
                  <test-case description="[SQLServer2022] Should return the correct amount of machines" name="[SSOP] SQLServer2022.Role deployment successful.[SQLServer2022] Should return the correct amount of machines" time="0.0072" asserts="0" success="True" result="Success" executed="True" />
                  <test-suite type="ParameterizedTest" name="[SSOP] SQLServer2022.Role deployment successful.[ssop-sql01] Instance(s) should be running" executed="True" result="Success" success="True" time="0.1405" asserts="0" description="[ssop-sql01] Instance(s) should be running">
                    <results>
                      <test-case description="[ssop-sql01] Instance(s) should be running" name="[SSOP] SQLServer2022.Role deployment successful.[ssop-sql01] Instance(s) should be running(ssop-sql01)" time="0.1405" asserts="0" success="True" result="Success" executed="True" />
                    </results>
                  </test-suite>
                  <test-suite type="ParameterizedTest" name="[SSOP] SQLServer2022.Role deployment successful.[ssop-sql01] Should have SQL Server 2022 installed" executed="True" result="Success" success="True" time="2.4312" asserts="0" description="[ssop-sql01] Should have SQL Server 2022 installed">
                    <results>
                      <test-case description="[ssop-sql01] Should have SQL Server 2022 installed" name="[SSOP] SQLServer2022.Role deployment successful.[ssop-sql01] Should have SQL Server 2022 installed(ssop-sql01)" time="2.4312" asserts="0" success="True" result="Success" executed="True" />
                    </results>
                  </test-suite>
                </results>
              </test-suite>
            </results>
          </test-suite>
        </results>
      </test-suite>
    </results>
  </test-suite>
</test-results>