<?xml version="1.0" encoding="utf-8" standalone="no"?>
<test-results xmlns:xsi="http://www.w3.org/2001/XMLSchema-instance" xsi:noNamespaceSchemaLocation="nunit_schema_2.5.xsd" name="Pester" total="8" errors="0" failures="0" not-run="57" inconclusive="0" ignored="0" skipped="0" invalid="0" date="2025-04-15" time="11:53:41">
  <environment cwd="F:\LabSources\BuildScripts" machine-name="DESKTOP" os-version="10.0.26100" nunit-version="2.5.8.0" user-domain="Desktop" user="Work" platform="Microsoft Windows 11 Pro|C:\WINDOWS|\Device\Harddisk2\Partition3" clr-version="9.0.1" />
  <culture-info current-culture="en-US" current-uiculture="en-US" />
  <test-suite type="TestFixture" name="Pester" executed="True" result="Success" success="True" time="7.1479" asserts="0" description="Pester">
    <results>
      <test-suite type="TestFixture" name="C:\Users\Work\Documents\PowerShell\Modules\AutomatedLabTest\5.56.0\tests\00General.tests.ps1" executed="True" result="Success" success="True" time="0.7778" asserts="0" description="C:\Users\Work\Documents\PowerShell\Modules\AutomatedLabTest\5.56.0\tests\00General.tests.ps1">
        <results>
          <test-suite type="TestFixture" name="[ssop] General" executed="True" result="Success" success="True" time="0.3604" asserts="0" description="[ssop] General">
            <results>
              <test-suite type="TestFixture" name="[ssop] General.Lab deployment successful" executed="True" result="Success" success="True" time="0.3296" asserts="0" description="[ssop] General.Lab deployment successful">
                <results>
                  <test-suite type="ParameterizedTest" name="[ssop] General.Lab deployment successful.[&lt;LabName&gt;] Should return the correct amount of machines" executed="True" result="Success" success="True" time="0.2681" asserts="0" description="[&lt;LabName&gt;] Should return the correct amount of machines">
                    <results>
                      <test-case description="[ssop] Should return the correct amount of machines" name="[ssop] General.Lab deployment successful.[ssop] Should return the correct amount of machines" time="0.2681" asserts="0" success="True" result="Success" executed="True" />
                    </results>
                  </test-suite>
                </results>
              </test-suite>
            </results>
          </test-suite>
        </results>
      </test-suite>
      <test-suite type="TestFixture" name="C:\Users\Work\Documents\PowerShell\Modules\AutomatedLabTest\5.56.0\tests\RootDC.tests.ps1" executed="True" result="Success" success="True" time="1.8416" asserts="0" description="C:\Users\Work\Documents\PowerShell\Modules\AutomatedLabTest\5.56.0\tests\RootDC.tests.ps1">
        <results>
          <test-suite type="TestFixture" name="[ssop] DC Generic" executed="True" result="Success" success="True" time="1.3618" asserts="0" description="[ssop] DC Generic">
            <results>
              <test-suite type="TestFixture" name="[ssop] DC Generic.Role deployment successful" executed="True" result="Success" success="True" time="1.3585" asserts="0" description="[ssop] DC Generic.Role deployment successful">
                <results>
                  <test-case description="[RootDC] Should return the correct amount of machines" name="[ssop] DC Generic.Role deployment successful.[RootDC] Should return the correct amount of machines" time="0.024" asserts="0" success="True" result="Success" executed="True" />
                  <test-suite type="ParameterizedTest" name="[ssop] DC Generic.Role deployment successful.ssop-dc01 should have ADWS running" executed="True" result="Success" success="True" time="0.255" asserts="0" description="ssop-dc01 should have ADWS running">
                    <results>
                      <test-case description="ssop-dc01 should have ADWS running" name="[ssop] DC Generic.Role deployment successful.ssop-dc01 should have ADWS running(ssop-dc01)" time="0.255" asserts="0" success="True" result="Success" executed="True" />
                    </results>
                  </test-suite>
                  <test-suite type="ParameterizedTest" name="[ssop] DC Generic.Role deployment successful.ssop-dc01 should respond to ADWS calls" executed="True" result="Success" success="True" time="1.0763" asserts="0" description="ssop-dc01 should respond to ADWS calls">
                    <results>
                      <test-case description="ssop-dc01 should respond to ADWS calls" name="[ssop] DC Generic.Role deployment successful.ssop-dc01 should respond to ADWS calls(ssop-dc01)" time="1.0763" asserts="0" success="True" result="Success" executed="True" />
                    </results>
                  </test-suite>
                </results>
              </test-suite>
            </results>
          </test-suite>
          <test-suite type="TestFixture" name="[ssop] RootDC specific" executed="True" result="Success" success="True" time="1.7423" asserts="0" description="[ssop] RootDC specific">
            <results>
              <test-suite type="ParameterizedTest" name="[ssop] RootDC specific.ssop-dc01 should hold PDC emulator FSMO role" executed="True" result="Success" success="True" time="0.372" asserts="0" description="ssop-dc01 should hold PDC emulator FSMO role">
                <results>
                  <test-case description="ssop-dc01 should hold PDC emulator FSMO role" name="[ssop] RootDC specific.ssop-dc01 should hold PDC emulator FSMO role(ssop-dc01)" time="0.372" asserts="0" success="True" result="Success" executed="True" />
                </results>
              </test-suite>
            </results>
          </test-suite>
        </results>
      </test-suite>
      <test-suite type="TestFixture" name="C:\Users\Work\Documents\PowerShell\Modules\AutomatedLabTest\5.56.0\tests\SQLServer2022.tests.ps1" executed="True" result="Success" success="True" time="1.2984" asserts="0" description="C:\Users\Work\Documents\PowerShell\Modules\AutomatedLabTest\5.56.0\tests\SQLServer2022.tests.ps1">
        <results>
          <test-suite type="TestFixture" name="[ssop] SQLServer2022" executed="True" result="Success" success="True" time="1.2122" asserts="0" description="[ssop] SQLServer2022">
            <results>
              <test-suite type="TestFixture" name="[ssop] SQLServer2022.Role deployment successful" executed="True" result="Success" success="True" time="1.2088" asserts="0" description="[ssop] SQLServer2022.Role deployment successful">
                <results>
                  <test-case description="[SQLServer2022] Should return the correct amount of machines" name="[ssop] SQLServer2022.Role deployment successful.[SQLServer2022] Should return the correct amount of machines" time="0.0258" asserts="0" success="True" result="Success" executed="True" />
                  <test-suite type="ParameterizedTest" name="[ssop] SQLServer2022.Role deployment successful.[ssop-sql01] Instance(s) should be running" executed="True" result="Success" success="True" time="0.94" asserts="0" description="[ssop-sql01] Instance(s) should be running">
                    <results>
                      <test-case description="[ssop-sql01] Instance(s) should be running" name="[ssop] SQLServer2022.Role deployment successful.[ssop-sql01] Instance(s) should be running(ssop-sql01)" time="0.94" asserts="0" success="True" result="Success" executed="True" />
                    </results>
                  </test-suite>
                  <test-suite type="ParameterizedTest" name="[ssop] SQLServer2022.Role deployment successful.[ssop-sql01] Should have SQL Server 2022 installed" executed="True" result="Success" success="True" time="0.2394" asserts="0" description="[ssop-sql01] Should have SQL Server 2022 installed">
                    <results>
                      <test-case description="[ssop-sql01] Should have SQL Server 2022 installed" name="[ssop] SQLServer2022.Role deployment successful.[ssop-sql01] Should have SQL Server 2022 installed(ssop-sql01)" time="0.2394" asserts="0" success="True" result="Success" executed="True" />
                    </results>
                  </test-suite>
                </results>
              </test-suite>
            </results>
          </test-suite>
        </results>
      </test-suite>
    </results>
  </test-suite>
</test-results>